{"C:\\Users\\katar\\OneDrive - Univerza v Mariboru\\feri 3. letnik\\TIDS\\vaje\\photoAssistant\\frontend\\static\\darkmode.js": {"path":"C:\\Users\\katar\\OneDrive - Univerza v Mariboru\\feri 3. letnik\\TIDS\\vaje\\photoAssistant\\frontend\\static\\darkmode.js","statementMap":{"0":{"start":{"line":2,"column":0},"end":{"line":15,"column":3}},"1":{"start":{"line":3,"column":22},"end":{"line":3,"column":59}},"2":{"start":{"line":5,"column":4},"end":{"line":14,"column":7}},"3":{"start":{"line":6,"column":8},"end":{"line":6,"column":52}},"4":{"start":{"line":9,"column":8},"end":{"line":13,"column":9}},"5":{"start":{"line":10,"column":12},"end":{"line":10,"column":58}},"6":{"start":{"line":12,"column":12},"end":{"line":12,"column":57}}},"fnMap":{"0":{"name":"(anonymous_0)","decl":{"start":{"line":2,"column":46},"end":{"line":2,"column":47}},"loc":{"start":{"line":2,"column":52},"end":{"line":15,"column":1}},"line":2},"1":{"name":"(anonymous_1)","decl":{"start":{"line":5,"column":40},"end":{"line":5,"column":41}},"loc":{"start":{"line":5,"column":46},"end":{"line":14,"column":5}},"line":5}},"branchMap":{"0":{"loc":{"start":{"line":9,"column":8},"end":{"line":13,"column":9}},"type":"if","locations":[{"start":{"line":9,"column":8},"end":{"line":13,"column":9}},{"start":{"line":11,"column":15},"end":{"line":13,"column":9}}],"line":9}},"s":{"0":0,"1":0,"2":0,"3":0,"4":0,"5":0,"6":0},"f":{"0":0,"1":0},"b":{"0":[0,0]}}
,"C:\\Users\\katar\\OneDrive - Univerza v Mariboru\\feri 3. letnik\\TIDS\\vaje\\photoAssistant\\frontend\\static\\map.js": {"path":"C:\\Users\\katar\\OneDrive - Univerza v Mariboru\\feri 3. letnik\\TIDS\\vaje\\photoAssistant\\frontend\\static\\map.js","statementMap":{"0":{"start":{"line":2,"column":10},"end":{"line":2,"column":50}},"1":{"start":{"line":5,"column":13},"end":{"line":7,"column":13}},"2":{"start":{"line":10,"column":14},"end":{"line":10,"column":139}},"3":{"start":{"line":13,"column":0},"end":{"line":13,"column":43}},"4":{"start":{"line":16,"column":0},"end":{"line":25,"column":3}},"5":{"start":{"line":17,"column":17},"end":{"line":17,"column":31}},"6":{"start":{"line":20,"column":4},"end":{"line":21,"column":87}},"7":{"start":{"line":24,"column":4},"end":{"line":24,"column":42}},"8":{"start":{"line":27,"column":0},"end":{"line":29,"column":3}},"9":{"start":{"line":28,"column":4},"end":{"line":28,"column":52}}},"fnMap":{"0":{"name":"(anonymous_0)","decl":{"start":{"line":16,"column":24},"end":{"line":16,"column":25}},"loc":{"start":{"line":16,"column":37},"end":{"line":25,"column":1}},"line":16},"1":{"name":"(anonymous_1)","decl":{"start":{"line":27,"column":24},"end":{"line":27,"column":25}},"loc":{"start":{"line":27,"column":37},"end":{"line":29,"column":1}},"line":27}},"branchMap":{},"s":{"0":0,"1":0,"2":0,"3":0,"4":0,"5":0,"6":0,"7":0,"8":0,"9":0},"f":{"0":0,"1":0},"b":{}}
,"C:\\Users\\katar\\OneDrive - Univerza v Mariboru\\feri 3. letnik\\TIDS\\vaje\\photoAssistant\\frontend\\static\\openData.js": {"path":"C:\\Users\\katar\\OneDrive - Univerza v Mariboru\\feri 3. letnik\\TIDS\\vaje\\photoAssistant\\frontend\\static\\openData.js","statementMap":{"0":{"start":{"line":1,"column":12},"end":{"line":1,"column":67}},"1":{"start":{"line":2,"column":20},"end":{"line":21,"column":2}},"2":{"start":{"line":24,"column":4},"end":{"line":34,"column":70}},"3":{"start":{"line":25,"column":26},"end":{"line":25,"column":41}},"4":{"start":{"line":27,"column":27},"end":{"line":27,"column":60}},"5":{"start":{"line":27,"column":44},"end":{"line":27,"column":59}},"6":{"start":{"line":28,"column":27},"end":{"line":28,"column":64}},"7":{"start":{"line":28,"column":44},"end":{"line":28,"column":63}},"8":{"start":{"line":30,"column":12},"end":{"line":30,"column":45}},"9":{"start":{"line":31,"column":12},"end":{"line":31,"column":55}},"10":{"start":{"line":32,"column":12},"end":{"line":32,"column":33}},"11":{"start":{"line":34,"column":24},"end":{"line":34,"column":68}}},"fnMap":{"0":{"name":"updateChart","decl":{"start":{"line":23,"column":9},"end":{"line":23,"column":20}},"loc":{"start":{"line":23,"column":27},"end":{"line":35,"column":1}},"line":23},"1":{"name":"(anonymous_1)","decl":{"start":{"line":25,"column":14},"end":{"line":25,"column":15}},"loc":{"start":{"line":25,"column":26},"end":{"line":25,"column":41}},"line":25},"2":{"name":"(anonymous_2)","decl":{"start":{"line":26,"column":14},"end":{"line":26,"column":15}},"loc":{"start":{"line":26,"column":22},"end":{"line":33,"column":9}},"line":26},"3":{"name":"(anonymous_3)","decl":{"start":{"line":27,"column":36},"end":{"line":27,"column":37}},"loc":{"start":{"line":27,"column":44},"end":{"line":27,"column":59}},"line":27},"4":{"name":"(anonymous_4)","decl":{"start":{"line":28,"column":36},"end":{"line":28,"column":37}},"loc":{"start":{"line":28,"column":44},"end":{"line":28,"column":63}},"line":28},"5":{"name":"(anonymous_5)","decl":{"start":{"line":34,"column":15},"end":{"line":34,"column":16}},"loc":{"start":{"line":34,"column":24},"end":{"line":34,"column":68}},"line":34}},"branchMap":{},"s":{"0":0,"1":0,"2":0,"3":0,"4":0,"5":0,"6":0,"7":0,"8":0,"9":0,"10":0,"11":0},"f":{"0":0,"1":0,"2":0,"3":0,"4":0,"5":0},"b":{}}
,"C:\\Users\\katar\\OneDrive - Univerza v Mariboru\\feri 3. letnik\\TIDS\\vaje\\photoAssistant\\frontend\\static\\scriptConditions.js": {"path":"C:\\Users\\katar\\OneDrive - Univerza v Mariboru\\feri 3. letnik\\TIDS\\vaje\\photoAssistant\\frontend\\static\\scriptConditions.js","statementMap":{"0":{"start":{"line":2,"column":21},"end":{"line":2,"column":70}},"1":{"start":{"line":3,"column":17},"end":{"line":3,"column":38}},"2":{"start":{"line":6,"column":31},"end":{"line":6,"column":99}},"3":{"start":{"line":6,"column":67},"end":{"line":6,"column":98}},"4":{"start":{"line":9,"column":27},"end":{"line":9,"column":68}},"5":{"start":{"line":10,"column":4},"end":{"line":10,"column":34}},"6":{"start":{"line":13,"column":4},"end":{"line":32,"column":7}},"7":{"start":{"line":14,"column":29},"end":{"line":14,"column":58}},"8":{"start":{"line":15,"column":8},"end":{"line":15,"column":48}},"9":{"start":{"line":17,"column":8},"end":{"line":28,"column":10}},"10":{"start":{"line":31,"column":8},"end":{"line":31,"column":49}},"11":{"start":{"line":38,"column":20},"end":{"line":38,"column":66}},"12":{"start":{"line":39,"column":4},"end":{"line":39,"column":61}},"13":{"start":{"line":39,"column":27},"end":{"line":39,"column":59}},"14":{"start":{"line":42,"column":4},"end":{"line":42,"column":37}},"15":{"start":{"line":45,"column":4},"end":{"line":45,"column":23}},"16":{"start":{"line":49,"column":0},"end":{"line":51,"column":3}},"17":{"start":{"line":50,"column":4},"end":{"line":50,"column":83}},"18":{"start":{"line":50,"column":43},"end":{"line":50,"column":81}}},"fnMap":{"0":{"name":"loadTips","decl":{"start":{"line":1,"column":15},"end":{"line":1,"column":23}},"loc":{"start":{"line":1,"column":34},"end":{"line":33,"column":1}},"line":1},"1":{"name":"(anonymous_1)","decl":{"start":{"line":6,"column":54},"end":{"line":6,"column":55}},"loc":{"start":{"line":6,"column":67},"end":{"line":6,"column":98}},"line":6},"2":{"name":"(anonymous_2)","decl":{"start":{"line":13,"column":31},"end":{"line":13,"column":32}},"loc":{"start":{"line":13,"column":44},"end":{"line":32,"column":5}},"line":13},"3":{"name":"filterTips","decl":{"start":{"line":36,"column":9},"end":{"line":36,"column":19}},"loc":{"start":{"line":36,"column":38},"end":{"line":46,"column":1}},"line":36},"4":{"name":"(anonymous_4)","decl":{"start":{"line":39,"column":20},"end":{"line":39,"column":21}},"loc":{"start":{"line":39,"column":27},"end":{"line":39,"column":59}},"line":39},"5":{"name":"(anonymous_5)","decl":{"start":{"line":49,"column":55},"end":{"line":49,"column":56}},"loc":{"start":{"line":49,"column":65},"end":{"line":51,"column":1}},"line":49},"6":{"name":"(anonymous_6)","decl":{"start":{"line":50,"column":37},"end":{"line":50,"column":38}},"loc":{"start":{"line":50,"column":43},"end":{"line":50,"column":81}},"line":50}},"branchMap":{},"s":{"0":0,"1":0,"2":0,"3":0,"4":0,"5":0,"6":0,"7":0,"8":0,"9":0,"10":0,"11":0,"12":0,"13":0,"14":0,"15":0,"16":0,"17":0,"18":0},"f":{"0":0,"1":0,"2":0,"3":0,"4":0,"5":0,"6":0},"b":{}}
,"C:\\Users\\katar\\OneDrive - Univerza v Mariboru\\feri 3. letnik\\TIDS\\vaje\\photoAssistant\\frontend\\static\\scriptOpenWeather.js": {"path":"C:\\Users\\katar\\OneDrive - Univerza v Mariboru\\feri 3. letnik\\TIDS\\vaje\\photoAssistant\\frontend\\static\\scriptOpenWeather.js","statementMap":{"0":{"start":{"line":1,"column":0},"end":{"line":12,"column":2}},"1":{"start":{"line":15,"column":4},"end":{"line":43,"column":5}},"2":{"start":{"line":16,"column":8},"end":{"line":40,"column":10}},"3":{"start":{"line":18,"column":28},"end":{"line":18,"column":52}},"4":{"start":{"line":19,"column":28},"end":{"line":19,"column":53}},"5":{"start":{"line":21,"column":16},"end":{"line":32,"column":23}},"6":{"start":{"line":22,"column":38},"end":{"line":22,"column":53}},"7":{"start":{"line":24,"column":24},"end":{"line":24,"column":44}},"8":{"start":{"line":25,"column":24},"end":{"line":27,"column":25}},"9":{"start":{"line":26,"column":28},"end":{"line":26,"column":73}},"10":{"start":{"line":30,"column":24},"end":{"line":30,"column":77}},"11":{"start":{"line":31,"column":24},"end":{"line":31,"column":143}},"12":{"start":{"line":34,"column":16},"end":{"line":34,"column":30}},"13":{"start":{"line":37,"column":16},"end":{"line":37,"column":59}},"14":{"start":{"line":38,"column":16},"end":{"line":38,"column":162}},"15":{"start":{"line":42,"column":8},"end":{"line":42,"column":125}},"16":{"start":{"line":47,"column":4},"end":{"line":68,"column":5}},"17":{"start":{"line":48,"column":8},"end":{"line":65,"column":10}},"18":{"start":{"line":50,"column":28},"end":{"line":50,"column":52}},"19":{"start":{"line":51,"column":28},"end":{"line":51,"column":53}},"20":{"start":{"line":53,"column":16},"end":{"line":59,"column":23}},"21":{"start":{"line":54,"column":38},"end":{"line":54,"column":53}},"22":{"start":{"line":55,"column":34},"end":{"line":55,"column":54}},"23":{"start":{"line":57,"column":24},"end":{"line":57,"column":78}},"24":{"start":{"line":58,"column":24},"end":{"line":58,"column":150}},"25":{"start":{"line":62,"column":16},"end":{"line":62,"column":59}},"26":{"start":{"line":63,"column":16},"end":{"line":63,"column":168}},"27":{"start":{"line":67,"column":8},"end":{"line":67,"column":131}},"28":{"start":{"line":72,"column":17},"end":{"line":72,"column":54}},"29":{"start":{"line":74,"column":4},"end":{"line":80,"column":11}},"30":{"start":{"line":75,"column":26},"end":{"line":75,"column":41}},"31":{"start":{"line":76,"column":22},"end":{"line":76,"column":41}},"32":{"start":{"line":78,"column":12},"end":{"line":78,"column":65}},"33":{"start":{"line":79,"column":12},"end":{"line":79,"column":123}},"34":{"start":{"line":81,"column":4},"end":{"line":81,"column":18}},"35":{"start":{"line":82,"column":4},"end":{"line":82,"column":18}},"36":{"start":{"line":86,"column":17},"end":{"line":86,"column":54}},"37":{"start":{"line":88,"column":4},"end":{"line":94,"column":11}},"38":{"start":{"line":89,"column":26},"end":{"line":89,"column":41}},"39":{"start":{"line":90,"column":22},"end":{"line":90,"column":42}},"40":{"start":{"line":92,"column":12},"end":{"line":92,"column":66}},"41":{"start":{"line":93,"column":12},"end":{"line":93,"column":130}},"42":{"start":{"line":98,"column":4},"end":{"line":121,"column":5}},"43":{"start":{"line":99,"column":8},"end":{"line":99,"column":93}},"44":{"start":{"line":101,"column":8},"end":{"line":120,"column":10}},"45":{"start":{"line":125,"column":23},"end":{"line":125,"column":58}},"46":{"start":{"line":127,"column":4},"end":{"line":143,"column":7}},"47":{"start":{"line":128,"column":8},"end":{"line":140,"column":10}},"48":{"start":{"line":142,"column":8},"end":{"line":142,"column":37}},"49":{"start":{"line":145,"column":4},"end":{"line":145,"column":29}},"50":{"start":{"line":146,"column":4},"end":{"line":146,"column":71}},"51":{"start":{"line":152,"column":4},"end":{"line":158,"column":11}},"52":{"start":{"line":153,"column":26},"end":{"line":153,"column":41}},"53":{"start":{"line":154,"column":22},"end":{"line":154,"column":42}},"54":{"start":{"line":156,"column":12},"end":{"line":156,"column":62}},"55":{"start":{"line":157,"column":12},"end":{"line":157,"column":111}},"56":{"start":{"line":162,"column":4},"end":{"line":174,"column":6}},"57":{"start":{"line":178,"column":4},"end":{"line":194,"column":74}},"58":{"start":{"line":179,"column":26},"end":{"line":179,"column":41}},"59":{"start":{"line":182,"column":28},"end":{"line":182,"column":98}},"60":{"start":{"line":182,"column":55},"end":{"line":182,"column":97}},"61":{"start":{"line":184,"column":12},"end":{"line":192,"column":13}},"62":{"start":{"line":185,"column":36},"end":{"line":185,"column":80}},"63":{"start":{"line":186,"column":16},"end":{"line":189,"column":18}},"64":{"start":{"line":191,"column":16},"end":{"line":191,"column":67}},"65":{"start":{"line":194,"column":24},"end":{"line":194,"column":72}},"66":{"start":{"line":199,"column":21},"end":{"line":199,"column":68}},"67":{"start":{"line":200,"column":19},"end":{"line":200,"column":40}},"68":{"start":{"line":201,"column":4},"end":{"line":201,"column":75}},"69":{"start":{"line":204,"column":4},"end":{"line":204,"column":18}},"70":{"start":{"line":208,"column":0},"end":{"line":208,"column":36}},"71":{"start":{"line":211,"column":14},"end":{"line":211,"column":28}},"72":{"start":{"line":212,"column":4},"end":{"line":212,"column":125}},"73":{"start":{"line":218,"column":0},"end":{"line":225,"column":2}},"74":{"start":{"line":219,"column":4},"end":{"line":219,"column":27}},"75":{"start":{"line":220,"column":4},"end":{"line":220,"column":28}},"76":{"start":{"line":221,"column":4},"end":{"line":221,"column":18}},"77":{"start":{"line":222,"column":26},"end":{"line":222,"column":69}},"78":{"start":{"line":223,"column":4},"end":{"line":223,"column":57}},"79":{"start":{"line":224,"column":4},"end":{"line":224,"column":22}}},"fnMap":{"0":{"name":"getWeatherByLocation","decl":{"start":{"line":14,"column":9},"end":{"line":14,"column":29}},"loc":{"start":{"line":14,"column":49},"end":{"line":44,"column":1}},"line":14},"1":{"name":"(anonymous_1)","decl":{"start":{"line":17,"column":12},"end":{"line":17,"column":13}},"loc":{"start":{"line":17,"column":26},"end":{"line":35,"column":13}},"line":17},"2":{"name":"(anonymous_2)","decl":{"start":{"line":22,"column":26},"end":{"line":22,"column":27}},"loc":{"start":{"line":22,"column":38},"end":{"line":22,"column":53}},"line":22},"3":{"name":"(anonymous_3)","decl":{"start":{"line":23,"column":26},"end":{"line":23,"column":27}},"loc":{"start":{"line":23,"column":34},"end":{"line":28,"column":21}},"line":23},"4":{"name":"(anonymous_4)","decl":{"start":{"line":29,"column":27},"end":{"line":29,"column":28}},"loc":{"start":{"line":29,"column":36},"end":{"line":32,"column":21}},"line":29},"5":{"name":"(anonymous_5)","decl":{"start":{"line":36,"column":12},"end":{"line":36,"column":13}},"loc":{"start":{"line":36,"column":23},"end":{"line":39,"column":13}},"line":36},"6":{"name":"getForecastByLocation","decl":{"start":{"line":46,"column":9},"end":{"line":46,"column":30}},"loc":{"start":{"line":46,"column":33},"end":{"line":69,"column":1}},"line":46},"7":{"name":"(anonymous_7)","decl":{"start":{"line":49,"column":12},"end":{"line":49,"column":13}},"loc":{"start":{"line":49,"column":26},"end":{"line":60,"column":13}},"line":49},"8":{"name":"(anonymous_8)","decl":{"start":{"line":54,"column":26},"end":{"line":54,"column":27}},"loc":{"start":{"line":54,"column":38},"end":{"line":54,"column":53}},"line":54},"9":{"name":"(anonymous_9)","decl":{"start":{"line":55,"column":26},"end":{"line":55,"column":27}},"loc":{"start":{"line":55,"column":34},"end":{"line":55,"column":54}},"line":55},"10":{"name":"(anonymous_10)","decl":{"start":{"line":56,"column":27},"end":{"line":56,"column":28}},"loc":{"start":{"line":56,"column":36},"end":{"line":59,"column":21}},"line":56},"11":{"name":"(anonymous_11)","decl":{"start":{"line":61,"column":12},"end":{"line":61,"column":13}},"loc":{"start":{"line":61,"column":23},"end":{"line":64,"column":13}},"line":61},"12":{"name":"getWeather","decl":{"start":{"line":71,"column":9},"end":{"line":71,"column":19}},"loc":{"start":{"line":71,"column":22},"end":{"line":83,"column":1}},"line":71},"13":{"name":"(anonymous_13)","decl":{"start":{"line":75,"column":14},"end":{"line":75,"column":15}},"loc":{"start":{"line":75,"column":26},"end":{"line":75,"column":41}},"line":75},"14":{"name":"(anonymous_14)","decl":{"start":{"line":76,"column":14},"end":{"line":76,"column":15}},"loc":{"start":{"line":76,"column":22},"end":{"line":76,"column":41}},"line":76},"15":{"name":"(anonymous_15)","decl":{"start":{"line":77,"column":15},"end":{"line":77,"column":16}},"loc":{"start":{"line":77,"column":24},"end":{"line":80,"column":9}},"line":77},"16":{"name":"getForecast","decl":{"start":{"line":85,"column":9},"end":{"line":85,"column":20}},"loc":{"start":{"line":85,"column":23},"end":{"line":95,"column":1}},"line":85},"17":{"name":"(anonymous_17)","decl":{"start":{"line":89,"column":14},"end":{"line":89,"column":15}},"loc":{"start":{"line":89,"column":26},"end":{"line":89,"column":41}},"line":89},"18":{"name":"(anonymous_18)","decl":{"start":{"line":90,"column":14},"end":{"line":90,"column":15}},"loc":{"start":{"line":90,"column":22},"end":{"line":90,"column":42}},"line":90},"19":{"name":"(anonymous_19)","decl":{"start":{"line":91,"column":15},"end":{"line":91,"column":16}},"loc":{"start":{"line":91,"column":24},"end":{"line":94,"column":9}},"line":91},"20":{"name":"renderWeather","decl":{"start":{"line":97,"column":9},"end":{"line":97,"column":22}},"loc":{"start":{"line":97,"column":29},"end":{"line":122,"column":1}},"line":97},"21":{"name":"renderForecast","decl":{"start":{"line":124,"column":9},"end":{"line":124,"column":23}},"loc":{"start":{"line":124,"column":30},"end":{"line":147,"column":1}},"line":124},"22":{"name":"(anonymous_22)","decl":{"start":{"line":127,"column":17},"end":{"line":127,"column":18}},"loc":{"start":{"line":127,"column":24},"end":{"line":143,"column":5}},"line":127},"23":{"name":"getMoonData","decl":{"start":{"line":151,"column":9},"end":{"line":151,"column":20}},"loc":{"start":{"line":151,"column":23},"end":{"line":159,"column":1}},"line":151},"24":{"name":"(anonymous_24)","decl":{"start":{"line":153,"column":14},"end":{"line":153,"column":15}},"loc":{"start":{"line":153,"column":26},"end":{"line":153,"column":41}},"line":153},"25":{"name":"(anonymous_25)","decl":{"start":{"line":154,"column":14},"end":{"line":154,"column":15}},"loc":{"start":{"line":154,"column":22},"end":{"line":154,"column":42}},"line":154},"26":{"name":"(anonymous_26)","decl":{"start":{"line":155,"column":15},"end":{"line":155,"column":16}},"loc":{"start":{"line":155,"column":24},"end":{"line":158,"column":9}},"line":155},"27":{"name":"renderMoonData","decl":{"start":{"line":161,"column":9},"end":{"line":161,"column":23}},"loc":{"start":{"line":161,"column":30},"end":{"line":175,"column":1}},"line":161},"28":{"name":"renderMoonForecast","decl":{"start":{"line":177,"column":9},"end":{"line":177,"column":27}},"loc":{"start":{"line":177,"column":34},"end":{"line":195,"column":1}},"line":177},"29":{"name":"(anonymous_29)","decl":{"start":{"line":179,"column":14},"end":{"line":179,"column":15}},"loc":{"start":{"line":179,"column":26},"end":{"line":179,"column":41}},"line":179},"30":{"name":"(anonymous_30)","decl":{"start":{"line":180,"column":14},"end":{"line":180,"column":15}},"loc":{"start":{"line":180,"column":22},"end":{"line":193,"column":9}},"line":180},"31":{"name":"(anonymous_31)","decl":{"start":{"line":182,"column":47},"end":{"line":182,"column":48}},"loc":{"start":{"line":182,"column":55},"end":{"line":182,"column":97}},"line":182},"32":{"name":"(anonymous_32)","decl":{"start":{"line":194,"column":15},"end":{"line":194,"column":16}},"loc":{"start":{"line":194,"column":24},"end":{"line":194,"column":72}},"line":194},"33":{"name":"fetchMoonData","decl":{"start":{"line":198,"column":15},"end":{"line":198,"column":28}},"loc":{"start":{"line":198,"column":31},"end":{"line":205,"column":1}},"line":198},"34":{"name":"formatDate","decl":{"start":{"line":210,"column":9},"end":{"line":210,"column":19}},"loc":{"start":{"line":210,"column":26},"end":{"line":213,"column":1}},"line":210},"35":{"name":"(anonymous_35)","decl":{"start":{"line":218,"column":16},"end":{"line":218,"column":17}},"loc":{"start":{"line":218,"column":22},"end":{"line":225,"column":1}},"line":218}},"branchMap":{"0":{"loc":{"start":{"line":14,"column":30},"end":{"line":14,"column":47}},"type":"default-arg","locations":[{"start":{"line":14,"column":42},"end":{"line":14,"column":47}}],"line":14},"1":{"loc":{"start":{"line":15,"column":4},"end":{"line":43,"column":5}},"type":"if","locations":[{"start":{"line":15,"column":4},"end":{"line":43,"column":5}},{"start":{"line":41,"column":11},"end":{"line":43,"column":5}}],"line":15},"2":{"loc":{"start":{"line":25,"column":24},"end":{"line":27,"column":25}},"type":"if","locations":[{"start":{"line":25,"column":24},"end":{"line":27,"column":25}},{"start":{},"end":{}}],"line":25},"3":{"loc":{"start":{"line":47,"column":4},"end":{"line":68,"column":5}},"type":"if","locations":[{"start":{"line":47,"column":4},"end":{"line":68,"column":5}},{"start":{"line":66,"column":11},"end":{"line":68,"column":5}}],"line":47},"4":{"loc":{"start":{"line":98,"column":4},"end":{"line":121,"column":5}},"type":"if","locations":[{"start":{"line":98,"column":4},"end":{"line":121,"column":5}},{"start":{"line":100,"column":11},"end":{"line":121,"column":5}}],"line":98},"5":{"loc":{"start":{"line":184,"column":12},"end":{"line":192,"column":13}},"type":"if","locations":[{"start":{"line":184,"column":12},"end":{"line":192,"column":13}},{"start":{"line":190,"column":19},"end":{"line":192,"column":13}}],"line":184}},"s":{"0":1,"1":1,"2":1,"3":0,"4":0,"5":0,"6":0,"7":0,"8":0,"9":0,"10":0,"11":0,"12":0,"13":0,"14":0,"15":0,"16":1,"17":1,"18":0,"19":0,"20":0,"21":0,"22":0,"23":0,"24":0,"25":0,"26":0,"27":0,"28":1,"29":1,"30":1,"31":1,"32":0,"33":0,"34":1,"35":1,"36":2,"37":2,"38":2,"39":2,"40":0,"41":0,"42":3,"43":1,"44":2,"45":3,"46":3,"47":1,"48":1,"49":3,"50":3,"51":2,"52":2,"53":2,"54":0,"55":0,"56":3,"57":1,"58":1,"59":1,"60":0,"61":1,"62":0,"63":0,"64":1,"65":0,"66":0,"67":0,"68":0,"69":0,"70":1,"71":1,"72":1,"73":1,"74":0,"75":0,"76":0,"77":0,"78":0,"79":0},"f":{"0":1,"1":0,"2":0,"3":0,"4":0,"5":0,"6":1,"7":0,"8":0,"9":0,"10":0,"11":0,"12":1,"13":1,"14":1,"15":0,"16":2,"17":2,"18":2,"19":0,"20":3,"21":3,"22":1,"23":2,"24":2,"25":2,"26":0,"27":3,"28":1,"29":1,"30":1,"31":0,"32":0,"33":0,"34":1,"35":0},"b":{"0":[1],"1":[1,0],"2":[0,0],"3":[1,0],"4":[1,2],"5":[0,1]},"_coverageSchema":"1a1c01bbd47fc00a2c39e90264f33305004495a9","hash":"b6b3a4534b2f2cfd57d3055f0fd54467b36ffe59"}
,"C:\\Users\\katar\\OneDrive - Univerza v Mariboru\\feri 3. letnik\\TIDS\\vaje\\photoAssistant\\frontend\\static\\scriptRPC.js": {"path":"C:\\Users\\katar\\OneDrive - Univerza v Mariboru\\feri 3. letnik\\TIDS\\vaje\\photoAssistant\\frontend\\static\\scriptRPC.js","statementMap":{"0":{"start":{"line":2,"column":21},"end":{"line":2,"column":62}},"1":{"start":{"line":3,"column":21},"end":{"line":3,"column":72}},"2":{"start":{"line":4,"column":17},"end":{"line":4,"column":38}},"3":{"start":{"line":5,"column":4},"end":{"line":5,"column":93}},"4":{"start":{"line":9,"column":21},"end":{"line":9,"column":52}},"5":{"start":{"line":10,"column":17},"end":{"line":10,"column":38}},"6":{"start":{"line":11,"column":4},"end":{"line":11,"column":121}},"7":{"start":{"line":15,"column":18},"end":{"line":15,"column":62}},"8":{"start":{"line":16,"column":20},"end":{"line":16,"column":66}},"9":{"start":{"line":18,"column":21},"end":{"line":24,"column":6}},"10":{"start":{"line":26,"column":17},"end":{"line":26,"column":38}},"11":{"start":{"line":28,"column":4},"end":{"line":35,"column":5}},"12":{"start":{"line":29,"column":8},"end":{"line":32,"column":10}},"13":{"start":{"line":34,"column":8},"end":{"line":34,"column":76}},"14":{"start":{"line":39,"column":21},"end":{"line":39,"column":66}},"15":{"start":{"line":40,"column":17},"end":{"line":40,"column":38}},"16":{"start":{"line":42,"column":23},"end":{"line":42,"column":72}},"17":{"start":{"line":43,"column":4},"end":{"line":43,"column":30}},"18":{"start":{"line":45,"column":4},"end":{"line":49,"column":7}},"19":{"start":{"line":46,"column":19},"end":{"line":46,"column":47}},"20":{"start":{"line":47,"column":8},"end":{"line":47,"column":72}},"21":{"start":{"line":48,"column":8},"end":{"line":48,"column":35}}},"fnMap":{"0":{"name":"fetchVisibility","decl":{"start":{"line":1,"column":15},"end":{"line":1,"column":30}},"loc":{"start":{"line":1,"column":33},"end":{"line":6,"column":1}},"line":1},"1":{"name":"fetchNightEvent","decl":{"start":{"line":8,"column":15},"end":{"line":8,"column":30}},"loc":{"start":{"line":8,"column":33},"end":{"line":12,"column":1}},"line":8},"2":{"name":"saveCamera","decl":{"start":{"line":14,"column":15},"end":{"line":14,"column":25}},"loc":{"start":{"line":14,"column":28},"end":{"line":36,"column":1}},"line":14},"3":{"name":"fetchUpcomingNightSkyEvents","decl":{"start":{"line":38,"column":15},"end":{"line":38,"column":42}},"loc":{"start":{"line":38,"column":45},"end":{"line":50,"column":1}},"line":38},"4":{"name":"(anonymous_4)","decl":{"start":{"line":45,"column":43},"end":{"line":45,"column":44}},"loc":{"start":{"line":45,"column":52},"end":{"line":49,"column":5}},"line":45}},"branchMap":{"0":{"loc":{"start":{"line":28,"column":4},"end":{"line":35,"column":5}},"type":"if","locations":[{"start":{"line":28,"column":4},"end":{"line":35,"column":5}},{"start":{"line":33,"column":11},"end":{"line":35,"column":5}}],"line":28},"1":{"loc":{"start":{"line":28,"column":8},"end":{"line":28,"column":34}},"type":"binary-expr","locations":[{"start":{"line":28,"column":8},"end":{"line":28,"column":18}},{"start":{"line":28,"column":22},"end":{"line":28,"column":34}}],"line":28}},"s":{"0":0,"1":0,"2":0,"3":0,"4":0,"5":0,"6":0,"7":0,"8":0,"9":0,"10":0,"11":0,"12":0,"13":0,"14":0,"15":0,"16":0,"17":0,"18":0,"19":0,"20":0,"21":0},"f":{"0":0,"1":0,"2":0,"3":0,"4":0},"b":{"0":[0,0],"1":[0,0]}}
}
