TN:
SF:frontend\static\darkmode.js
FN:2,(anonymous_0)
FN:5,(anonymous_1)
FNF:2
FNH:0
FNDA:0,(anonymous_0)
FNDA:0,(anonymous_1)
DA:2,0
DA:3,0
DA:5,0
DA:6,0
DA:9,0
DA:10,0
DA:12,0
LF:7
LH:0
BRDA:9,0,0,0
BRDA:9,0,1,0
BRF:2
BRH:0
end_of_record
TN:
SF:frontend\static\map.js
FN:16,(anonymous_0)
FN:27,(anonymous_1)
FNF:2
FNH:0
FNDA:0,(anonymous_0)
FNDA:0,(anonymous_1)
DA:2,0
DA:5,0
DA:10,0
DA:13,0
DA:16,0
DA:17,0
DA:20,0
DA:24,0
DA:27,0
DA:28,0
LF:10
LH:0
BRF:0
BRH:0
end_of_record
TN:
SF:frontend\static\openData.js
FN:23,updateChart
FN:25,(anonymous_1)
FN:26,(anonymous_2)
FN:27,(anonymous_3)
FN:28,(anonymous_4)
FN:34,(anonymous_5)
FNF:6
FNH:0
FNDA:0,updateChart
FNDA:0,(anonymous_1)
FNDA:0,(anonymous_2)
FNDA:0,(anonymous_3)
FNDA:0,(anonymous_4)
FNDA:0,(anonymous_5)
DA:1,0
DA:2,0
DA:24,0
DA:25,0
DA:27,0
DA:28,0
DA:30,0
DA:31,0
DA:32,0
DA:34,0
LF:10
LH:0
BRF:0
BRH:0
end_of_record
TN:
SF:frontend\static\scriptConditions.js
FN:1,loadTips
FN:6,(anonymous_1)
FN:13,(anonymous_2)
FN:36,filterTips
FN:39,(anonymous_4)
FN:49,(anonymous_5)
FN:50,(anonymous_6)
FNF:7
FNH:0
FNDA:0,loadTips
FNDA:0,(anonymous_1)
FNDA:0,(anonymous_2)
FNDA:0,filterTips
FNDA:0,(anonymous_4)
FNDA:0,(anonymous_5)
FNDA:0,(anonymous_6)
DA:2,0
DA:3,0
DA:6,0
DA:9,0
DA:10,0
DA:13,0
DA:14,0
DA:15,0
DA:17,0
DA:31,0
DA:38,0
DA:39,0
DA:42,0
DA:45,0
DA:49,0
DA:50,0
LF:16
LH:0
BRF:0
BRH:0
end_of_record
TN:
SF:frontend\static\scriptOpenWeather.js
FN:14,getWeatherByLocation
FN:17,(anonymous_1)
FN:22,(anonymous_2)
FN:23,(anonymous_3)
FN:29,(anonymous_4)
FN:36,(anonymous_5)
FN:46,getForecastByLocation
FN:49,(anonymous_7)
FN:54,(anonymous_8)
FN:55,(anonymous_9)
FN:56,(anonymous_10)
FN:61,(anonymous_11)
FN:71,getWeather
FN:75,(anonymous_13)
FN:76,(anonymous_14)
FN:77,(anonymous_15)
FN:85,getForecast
FN:89,(anonymous_17)
FN:90,(anonymous_18)
FN:91,(anonymous_19)
FN:97,renderWeather
FN:124,renderForecast
FN:127,(anonymous_22)
FN:151,getMoonData
FN:153,(anonymous_24)
FN:154,(anonymous_25)
FN:155,(anonymous_26)
FN:161,renderMoonData
FN:177,renderMoonForecast
FN:179,(anonymous_29)
FN:180,(anonymous_30)
FN:182,(anonymous_31)
FN:194,(anonymous_32)
FN:198,fetchMoonData
FN:210,formatDate
FN:218,(anonymous_35)
FNF:36
FNH:19
FNDA:1,getWeatherByLocation
FNDA:0,(anonymous_1)
FNDA:0,(anonymous_2)
FNDA:0,(anonymous_3)
FNDA:0,(anonymous_4)
FNDA:0,(anonymous_5)
FNDA:1,getForecastByLocation
FNDA:0,(anonymous_7)
FNDA:0,(anonymous_8)
FNDA:0,(anonymous_9)
FNDA:0,(anonymous_10)
FNDA:0,(anonymous_11)
FNDA:1,getWeather
FNDA:1,(anonymous_13)
FNDA:1,(anonymous_14)
FNDA:0,(anonymous_15)
FNDA:2,getForecast
FNDA:2,(anonymous_17)
FNDA:2,(anonymous_18)
FNDA:0,(anonymous_19)
FNDA:3,renderWeather
FNDA:3,renderForecast
FNDA:1,(anonymous_22)
FNDA:2,getMoonData
FNDA:2,(anonymous_24)
FNDA:2,(anonymous_25)
FNDA:0,(anonymous_26)
FNDA:3,renderMoonData
FNDA:1,renderMoonForecast
FNDA:1,(anonymous_29)
FNDA:1,(anonymous_30)
FNDA:0,(anonymous_31)
FNDA:0,(anonymous_32)
FNDA:0,fetchMoonData
FNDA:1,formatDate
FNDA:0,(anonymous_35)
DA:1,1
DA:15,1
DA:16,1
DA:18,0
DA:19,0
DA:21,0
DA:22,0
DA:24,0
DA:25,0
DA:26,0
DA:30,0
DA:31,0
DA:34,0
DA:37,0
DA:38,0
DA:42,0
DA:47,1
DA:48,1
DA:50,0
DA:51,0
DA:53,0
DA:54,0
DA:55,0
DA:57,0
DA:58,0
DA:62,0
DA:63,0
DA:67,0
DA:72,1
DA:74,1
DA:75,1
DA:76,1
DA:78,0
DA:79,0
DA:81,1
DA:82,1
DA:86,2
DA:88,2
DA:89,2
DA:90,2
DA:92,0
DA:93,0
DA:98,3
DA:99,1
DA:101,2
DA:125,3
DA:127,3
DA:128,1
DA:142,1
DA:145,3
DA:146,3
DA:152,2
DA:153,2
DA:154,2
DA:156,0
DA:157,0
DA:162,3
DA:178,1
DA:179,1
DA:182,1
DA:184,1
DA:185,0
DA:186,0
DA:191,1
DA:194,0
DA:199,0
DA:200,0
DA:201,0
DA:204,0
DA:208,1
DA:211,1
DA:212,1
DA:218,1
DA:219,0
DA:220,0
DA:221,0
DA:222,0
DA:223,0
DA:224,0
LF:79
LH:37
BRDA:14,0,0,1
BRDA:15,1,0,1
BRDA:15,1,1,0
BRDA:25,2,0,0
BRDA:25,2,1,0
BRDA:47,3,0,1
BRDA:47,3,1,0
BRDA:98,4,0,1
BRDA:98,4,1,2
BRDA:184,5,0,0
BRDA:184,5,1,1
BRF:11
BRH:6
end_of_record
TN:
SF:frontend\static\scriptRPC.js
FN:1,fetchVisibility
FN:8,fetchNightEvent
FN:14,saveCamera
FN:38,fetchUpcomingNightSkyEvents
FN:45,(anonymous_4)
FNF:5
FNH:0
FNDA:0,fetchVisibility
FNDA:0,fetchNightEvent
FNDA:0,saveCamera
FNDA:0,fetchUpcomingNightSkyEvents
FNDA:0,(anonymous_4)
DA:2,0
DA:3,0
DA:4,0
DA:5,0
DA:9,0
DA:10,0
DA:11,0
DA:15,0
DA:16,0
DA:18,0
DA:26,0
DA:28,0
DA:29,0
DA:34,0
DA:39,0
DA:40,0
DA:42,0
DA:43,0
DA:45,0
DA:46,0
DA:47,0
DA:48,0
LF:22
LH:0
BRDA:28,0,0,0
BRDA:28,0,1,0
BRDA:28,1,0,0
BRDA:28,1,1,0
BRF:4
BRH:0
end_of_record
